<?xml version="1.0" encoding="UTF-8"?>
<!-- Generated by org.testng.reporters.JUnitReportReporter -->
<testsuite hostname="DESKTOP-3ODQF5O" failures="0" tests="1" name="Academy.ValidateTitle" time="0.093" errors="0" timestamp="2020-06-08T23:01:29 CLT" skipped="0">
  <testcase classname="Academy.ValidateTitle" name="BasePagesNavitgation" time="0.093"/>
  <system-out/>
</testsuite> <!-- Academy.ValidateTitle -->
