<?xml version="1.0" encoding="UTF-8"?>
<!-- Generated by org.testng.reporters.JUnitReportReporter -->
<testsuite hostname="DESKTOP-3ODQF5O" failures="0" tests="2" name="Academy.HomePages" time="25.776" errors="0" timestamp="2020-06-10T11:22:13 CLT" skipped="0">
  <testcase classname="Academy.HomePages" name="BasePagesNavitgation" time="9.554"/>
  <system-out/>
  <testcase classname="Academy.HomePages" name="BasePagesNavitgation" time="16.222"/>
  <system-out/>
</testsuite> <!-- Academy.HomePages -->
