<?xml version="1.0" encoding="UTF-8"?>
<!-- Generated by org.testng.reporters.JUnitReportReporter -->
<testsuite hostname="DESKTOP-3ODQF5O" failures="0" tests="2" name="Academy.HomePages" time="23.190" errors="0" timestamp="2020-06-06T13:55:09 CLT" skipped="0">
  <testcase classname="Academy.HomePages" name="BasePagesNavitgation" time="14.540"/>
  <system-out/>
  <testcase classname="Academy.HomePages" name="BasePagesNavitgation" time="8.650"/>
  <system-out/>
</testsuite> <!-- Academy.HomePages -->
