<?xml version="1.0" encoding="UTF-8"?>
<!-- Generated by org.testng.reporters.JUnitReportReporter -->
<testsuite hostname="DESKTOP-3ODQF5O" failures="0" tests="1" name="Academy.ValidateTitle" time="0.141" errors="0" timestamp="2020-06-06T13:55:09 CLT" skipped="0">
  <testcase classname="Academy.ValidateTitle" name="BasePagesNavitgation" time="0.141"/>
  <system-out/>
</testsuite> <!-- Academy.ValidateTitle -->
