<?xml version="1.0" encoding="UTF-8"?>
<!-- Generated by org.testng.reporters.JUnitReportReporter -->
<testsuite hostname="DESKTOP-3ODQF5O" failures="0" tests="2" name="Academy.HomePages" time="27.868" errors="0" timestamp="2020-06-10T12:00:29 CLT" skipped="0">
  <testcase classname="Academy.HomePages" name="BasePagesNavitgation" time="18.447"/>
  <system-out/>
  <testcase classname="Academy.HomePages" name="BasePagesNavitgation" time="9.421"/>
  <system-out/>
</testsuite> <!-- Academy.HomePages -->
